<?xml version="1.0" encoding="UTF-8"?>
<!-- Generated by org.testng.reporters.JUnitReportReporter -->
<testsuite skipped="0" hostname="DESKTOP-LV83N80" name="test.AddContactTest" tests="1" failures="0" timestamp="2021-10-18T17:30:31 CDT" time="7.134" errors="0">
  <testcase name="validUserShouldBeAbleToAddCustomer" time="7.134" classname="test.AddContactTest"/>
  <system-out/>
</testsuite> <!-- test.AddContactTest -->
