<?xml version="1.0" encoding="UTF-8"?>
<!-- Generated by org.testng.reporters.JUnitReportReporter -->
<testsuite skipped="0" hostname="DESKTOP-LV83N80" name="test.LoginTest" tests="1" failures="0" timestamp="2021-10-18T15:42:16 CDT" time="5.773" errors="0">
  <testcase name="verifiedUserShouldBeAbleToLogin" time="5.773" classname="test.LoginTest"/>
  <system-out/>
</testsuite> <!-- test.LoginTest -->
